# JRE version: Java(TM) SE Runtime Environment (17.0.3+8) (build 17.0.3+8-LTS-111)
# Java VM: Java HotSpot(TM) 64-Bit Server VM (17.0.3+8-LTS-111, mixed mode, sharing, tiered, compressed oops, compressed class ptrs, g1 gc, windows-amd64)
GC Precious Log:
 CPUs: 12 total, 12 available
 Memory: 6005M
 Large Page Support: Disabled
 NUMA Support: Disabled
 Compressed Oops: Enabled (32-bit)
 Heap Region Size: 1M
 Heap Min Capacity: 8M
 Heap Initial Capacity: 94M
 Heap Max Capacity: 1502M
 Pre-touch: Disabled
 Parallel Workers: 10
 Concurrent Workers: 3
 Concurrent Refinement Workers: 10
 Periodic GC: Disabled
Heap:
 garbage-first heap   total 180224K, used 101249K [0x00000000a2200000, 0x0000000100000000)
  region size 1024K, 56 young (57344K), 8 survivors (8192K)
 Metaspace       used 74331K, committed 74880K, reserved 1114112K
  class space    used 9682K, committed 9920K, reserved 1048576K
GC Heap History (20 events):
Event: 8.030 GC heap before
{Heap before GC invocations=13 (full 0):
 garbage-first heap   total 61440K, used 47851K [0x00000000a2200000, 0x0000000100000000)
  region size 1024K, 26 young (26624K), 3 survivors (3072K)
 Metaspace       used 57412K, committed 57792K, reserved 1105920K
  class space    used 7581K, committed 7808K, reserved 1048576K
}
Event: 8.035 GC heap after
{Heap after GC invocations=14 (full 0):
 garbage-first heap   total 61440K, used 26072K [0x00000000a2200000, 0x0000000100000000)
  region size 1024K, 4 young (4096K), 4 survivors (4096K)
 Metaspace       used 57412K, committed 57792K, reserved 1105920K
  class space    used 7581K, committed 7808K, reserved 1048576K
}
Event: 8.301 GC heap before
{Heap before GC invocations=14 (full 0):
 garbage-first heap   total 61440K, used 47576K [0x00000000a2200000, 0x0000000100000000)
  region size 1024K, 25 young (25600K), 4 survivors (4096K)
 Metaspace       used 58703K, committed 59136K, reserved 1105920K
  class space    used 7727K, committed 7936K, reserved 1048576K
}
Event: 8.305 GC heap after
{Heap after GC invocations=15 (full 0):
 garbage-first heap   total 61440K, used 27530K [0x00000000a2200000, 0x0000000100000000)
  region size 1024K, 4 young (4096K), 4 survivors (4096K)
 Metaspace       used 58703K, committed 59136K, reserved 1105920K
  class space    used 7727K, committed 7936K, reserved 1048576K
}
Event: 8.494 GC heap before
{Heap before GC invocations=15 (full 0):
 garbage-first heap   total 61440K, used 36746K [0x00000000a2200000, 0x0000000100000000)
  region size 1024K, 14 young (14336K), 4 survivors (4096K)
 Metaspace       used 60152K, committed 60480K, reserved 1105920K
  class space    used 7959K, committed 8128K, reserved 1048576K
}
Event: 8.499 GC heap after
{Heap after GC invocations=16 (full 0):
 garbage-first heap   total 73728K, used 28448K [0x00000000a2200000, 0x0000000100000000)
  region size 1024K, 3 young (3072K), 3 survivors (3072K)
 Metaspace       used 60152K, committed 60480K, reserved 1105920K
  class space    used 7959K, committed 8128K, reserved 1048576K
}
Event: 8.956 GC heap before
{Heap before GC invocations=17 (full 0):
 garbage-first heap   total 73728K, used 58144K [0x00000000a2200000, 0x0000000100000000)
  region size 1024K, 31 young (31744K), 3 survivors (3072K)
 Metaspace       used 62831K, committed 63296K, reserved 1105920K
  class space    used 8315K, committed 8512K, reserved 1048576K
}
Event: 8.962 GC heap after
{Heap after GC invocations=18 (full 0):
 garbage-first heap   total 73728K, used 34068K [0x00000000a2200000, 0x0000000100000000)
  region size 1024K, 4 young (4096K), 4 survivors (4096K)
 Metaspace       used 62831K, committed 63296K, reserved 1105920K
  class space    used 8315K, committed 8512K, reserved 1048576K
}
Event: 9.096 GC heap before
{Heap before GC invocations=18 (full 0):
 garbage-first heap   total 73728K, used 54548K [0x00000000a2200000, 0x0000000100000000)
  region size 1024K, 25 young (25600K), 4 survivors (4096K)
 Metaspace       used 62909K, committed 63360K, reserved 1105920K
  class space    used 8318K, committed 8512K, reserved 1048576K
}
Event: 9.103 GC heap after
{Heap after GC invocations=19 (full 0):
 garbage-first heap   total 73728K, used 38393K [0x00000000a2200000, 0x0000000100000000)
  region size 1024K, 4 young (4096K), 4 survivors (4096K)
 Metaspace       used 62909K, committed 63360K, reserved 1105920K
  class space    used 8318K, committed 8512K, reserved 1048576K
}
Event: 9.154 GC heap before
{Heap before GC invocations=19 (full 0):
 garbage-first heap   total 73728K, used 42489K [0x00000000a2200000, 0x0000000100000000)
  region size 1024K, 9 young (9216K), 4 survivors (4096K)
 Metaspace       used 63009K, committed 63424K, reserved 1105920K
  class space    used 8327K, committed 8512K, reserved 1048576K
}
Event: 9.158 GC heap after
{Heap after GC invocations=20 (full 0):
 garbage-first heap   total 73728K, used 39957K [0x00000000a2200000, 0x0000000100000000)
  region size 1024K, 2 young (2048K), 2 survivors (2048K)
 Metaspace       used 63009K, committed 63424K, reserved 1105920K
  class space    used 8327K, committed 8512K, reserved 1048576K
}
Event: 9.193 GC heap before
{Heap before GC invocations=20 (full 0):
 garbage-first heap   total 73728K, used 54293K [0x00000000a2200000, 0x0000000100000000)
  region size 1024K, 16 young (16384K), 2 survivors (2048K)
 Metaspace       used 63033K, committed 63424K, reserved 1105920K
  class space    used 8327K, committed 8512K, reserved 1048576K
}
Event: 9.197 GC heap after
{Heap after GC invocations=21 (full 0):
 garbage-first heap   total 73728K, used 43313K [0x00000000a2200000, 0x0000000100000000)
  region size 1024K, 2 young (2048K), 2 survivors (2048K)
 Metaspace       used 63033K, committed 63424K, reserved 1105920K
  class space    used 8327K, committed 8512K, reserved 1048576K
}
Event: 9.222 GC heap before
{Heap before GC invocations=22 (full 0):
 garbage-first heap   total 76800K, used 54577K [0x00000000a2200000, 0x0000000100000000)
  region size 1024K, 14 young (14336K), 2 survivors (2048K)
 Metaspace       used 63040K, committed 63424K, reserved 1105920K
  class space    used 8327K, committed 8512K, reserved 1048576K
}
Event: 9.225 GC heap after
{Heap after GC invocations=23 (full 0):
 garbage-first heap   total 76800K, used 45786K [0x00000000a2200000, 0x0000000100000000)
  region size 1024K, 2 young (2048K), 2 survivors (2048K)
 Metaspace       used 63040K, committed 63424K, reserved 1105920K
  class space    used 8327K, committed 8512K, reserved 1048576K
}
Event: 9.230 GC heap before
{Heap before GC invocations=23 (full 0):
 garbage-first heap   total 76800K, used 46810K [0x00000000a2200000, 0x0000000100000000)
  region size 1024K, 3 young (3072K), 2 survivors (2048K)
 Metaspace       used 63041K, committed 63424K, reserved 1105920K
  class space    used 8327K, committed 8512K, reserved 1048576K
}
Event: 9.232 GC heap after
{Heap after GC invocations=24 (full 0):
 garbage-first heap   total 180224K, used 46453K [0x00000000a2200000, 0x0000000100000000)
  region size 1024K, 1 young (1024K), 1 survivors (1024K)
 Metaspace       used 63041K, committed 63424K, reserved 1105920K
  class space    used 8327K, committed 8512K, reserved 1048576K
}
Event: 18.309 GC heap before
{Heap before GC invocations=24 (full 0):
 garbage-first heap   total 180224K, used 120181K [0x00000000a2200000, 0x0000000100000000)
  region size 1024K, 73 young (74752K), 1 survivors (1024K)
 Metaspace       used 69416K, committed 69824K, reserved 1114112K
  class space    used 9120K, committed 9344K, reserved 1048576K
}
Event: 18.316 GC heap after
{Heap after GC invocations=25 (full 0):
 garbage-first heap   total 180224K, used 53121K [0x00000000a2200000, 0x0000000100000000)
  region size 1024K, 8 young (8192K), 8 survivors (8192K)
 Metaspace       used 69416K, committed 69824K, reserved 1114112K
  class space    used 9120K, committed 9344K, reserved 1048576K
}

